<?xml version="1.0" encoding="UTF-8"?>
<testsuites>
	<testsuite tests="8" failures="0" time="0.569" name="github.com/lovung/GoCleanArchitecture/app/internal/usecase/interactor">
		<properties>
			<property name="go.version" value="go1.15.2"></property>
			<property name="coverage.statements.pct" value="9.1"></property>
		</properties>
		<testcase classname="interactor" name="TestUserUseCase_Create" time="0.180"></testcase>
		<testcase classname="interactor" name="TestNewUserUseCase" time="0.000"></testcase>
		<testcase classname="interactor" name="TestUserUseCase_GetByID" time="0.000"></testcase>
		<testcase classname="interactor" name="TestUserUseCase_GetByID/#1:_Get_user_by_ID_failed" time="0.000"></testcase>
		<testcase classname="interactor" name="TestNewUserUseCase/#00" time="0.000"></testcase>
		<testcase classname="interactor" name="TestUserUseCase_Create/#1:_Create_new_user_failed" time="0.090"></testcase>
		<testcase classname="interactor" name="TestUserUseCase_GetByID/#2:_Found" time="0.000"></testcase>
		<testcase classname="interactor" name="TestUserUseCase_Create/#2:_Success" time="0.090"></testcase>
	</testsuite>
	<testsuite tests="4" failures="0" time="0.719" name="github.com/lovung/GoCleanArchitecture/pkg/gormutil">
		<properties>
			<property name="go.version" value="go1.15.2"></property>
			<property name="coverage.statements.pct" value="2.1"></property>
		</properties>
		<testcase classname="gormutil" name="TestDeletedByFromClaim" time="0.000"></testcase>
		<testcase classname="gormutil" name="TestDeletedByFromClaim/Test_case1:_success" time="0.000"></testcase>
		<testcase classname="gormutil" name="TestSoftDeleteClauseFromClaim" time="0.000"></testcase>
		<testcase classname="gormutil" name="TestSoftDeleteClauseFromClaim/Test_case1:_success" time="0.000"></testcase>
	</testsuite>
	<testsuite tests="6" failures="0" time="2.552" name="github.com/lovung/GoCleanArchitecture/pkg/hasher">
		<properties>
			<property name="go.version" value="go1.15.2"></property>
			<property name="coverage.statements.pct" value="4.8"></property>
		</properties>
		<testcase classname="hasher" name="Test_bcryptHashAndCheckPassword" time="0.860"></testcase>
		<testcase classname="hasher" name="Test_bcryptHashAndCheckPassword/#00" time="0.430"></testcase>
		<testcase classname="hasher" name="Test_bcryptHashAndCheckPassword/#01" time="0.430"></testcase>
		<testcase classname="hasher" name="TestHashAndCheckPassword" time="0.350"></testcase>
		<testcase classname="hasher" name="TestHashAndCheckPassword/#00" time="0.180"></testcase>
		<testcase classname="hasher" name="TestHashAndCheckPassword/#01" time="0.170"></testcase>
	</testsuite>
	<testsuite tests="5" failures="0" time="1.005" name="github.com/lovung/GoCleanArchitecture/pkg/jwtutil">
		<properties>
			<property name="go.version" value="go1.15.2"></property>
			<property name="coverage.statements.pct" value="4.0"></property>
		</properties>
		<testcase classname="jwtutil" name="TestGenerateToken" time="0.000"></testcase>
		<testcase classname="jwtutil" name="TestGenerateToken/SuccsssCase:_Correctly_put_claims" time="0.000"></testcase>
		<testcase classname="jwtutil" name="TestVerifyToken" time="0.000"></testcase>
		<testcase classname="jwtutil" name="TestVerifyToken/SuccessCase:_put_the_token_issued_right_now" time="0.000"></testcase>
		<testcase classname="jwtutil" name="TestVerifyToken/FailureCase:_put_the_token_issued_in_the_past" time="0.000"></testcase>
	</testsuite>
</testsuites>
